Mplus VERSION 8.11 (Mac)
MUTHEN & MUTHEN
02/07/2025   3:24 PM

INPUT INSTRUCTIONS

  TITLE: Structural model with endogenous categorical variables

  DATA: FILE IS "sem_categorical.dat";
  type is individual;

  VARIABLE:

  NAMES ARE age sex white child init inhib cont bfi psyeffect sched insec prehabit
  sl exer dt screen sm subs fri work hobby fam;

  USEVARIABLES ARE sl exer subs work;

  ! Telling Mplus that these are categorical
  CATEGORICAL ARE exer sl subs work;

  Missing are .;

  ANALYSIS:
  ESTIMATOR IS WLSMV;
  ! With MLR, estimates are in logit units

  MODEL:
  !latent variables

  healthb BY exer sl subs work;

  OUTPUT: SAMPSTAT TECH1 TECH4 residual STDYX;




INPUT READING TERMINATED NORMALLY



Structural model with endogenous categorical variables

SUMMARY OF ANALYSIS

Number of groups                                                 1
Number of observations                                         432

Number of dependent variables                                    4
Number of independent variables                                  0
Number of continuous latent variables                            1

Observed dependent variables

  Binary and ordered categorical (ordinal)
   SL          EXER        SUBS        WORK

Continuous latent variables
   HEALTHB


Estimator                                                    WLSMV
Maximum number of iterations                                  1000
Convergence criterion                                    0.500D-04
Maximum number of steepest descent iterations                   20
Maximum number of iterations for H1                           2000
Convergence criterion for H1                             0.100D-03
Parameterization                                             DELTA
Link                                                        PROBIT

Input data file(s)
  sem_categorical.dat

Input data format  FREE


SUMMARY OF DATA

     Number of missing data patterns             1


COVARIANCE COVERAGE OF DATA

Minimum covariance coverage value   0.100


     PROPORTION OF DATA PRESENT


           Covariance Coverage
              SL            EXER          SUBS          WORK
              ________      ________      ________      ________
 SL             1.000
 EXER           1.000         1.000
 SUBS           1.000         1.000         1.000
 WORK           1.000         1.000         1.000         1.000


UNIVARIATE PROPORTIONS AND COUNTS FOR CATEGORICAL VARIABLES

    SL
      Category 1    0.361          156.000
      Category 2    0.350          151.000
      Category 3    0.289          125.000
    EXER
      Category 1    0.431          186.000
      Category 2    0.255          110.000
      Category 3    0.315          136.000
    SUBS
      Category 1    0.194           84.000
      Category 2    0.331          143.000
      Category 3    0.475          205.000
    WORK
      Category 1    0.523          226.000
      Category 2    0.220           95.000
      Category 3    0.257          111.000


SAMPLE STATISTICS


     ESTIMATED SAMPLE STATISTICS


           MEANS/INTERCEPTS/THRESHOLDS
              SL$1          SL$2          EXER$1        EXER$2        SUBS$1
              ________      ________      ________      ________      ________
               -0.355         0.555        -0.175         0.482        -0.862


           MEANS/INTERCEPTS/THRESHOLDS
              SUBS$2        WORK$1        WORK$2
              ________      ________      ________
                0.064         0.058         0.653


           CORRELATION MATRIX (WITH VARIANCES ON THE DIAGONAL)
              SL            EXER          SUBS          WORK
              ________      ________      ________      ________
 SL
 EXER           0.118
 SUBS           0.192         0.009
 WORK           0.228         0.273         0.121


THE MODEL ESTIMATION TERMINATED NORMALLY



MODEL FIT INFORMATION

Number of Free Parameters                       12

Chi-Square Test of Model Fit

          Value                              6.451*
          Degrees of Freedom                     2
          P-Value                           0.0397

*   The chi-square value for MLM, MLMV, MLR, ULSMV, WLSM and WLSMV cannot be used
    for chi-square difference testing in the regular way.  MLM, MLR and WLSM
    chi-square difference testing is described on the Mplus website.  MLMV, WLSMV,
    and ULSMV difference testing is done using the DIFFTEST option.

RMSEA (Root Mean Square Error Of Approximation)

          Estimate                           0.072
          90 Percent C.I.                    0.013  0.137
          Probability RMSEA <= .05           0.211

CFI/TLI

          CFI                                0.902
          TLI                                0.705

Chi-Square Test of Model Fit for the Baseline Model

          Value                             51.332
          Degrees of Freedom                     6
          P-Value                           0.0000

SRMR (Standardized Root Mean Square Residual)

          Value                              0.033

Optimum Function Value for Weighted Least-Squares Estimator

          Value                     0.60516008D-02



MODEL RESULTS

                                                    Two-Tailed
                    Estimate       S.E.  Est./S.E.    P-Value

 HEALTHB  BY
    EXER               1.000      0.000    999.000    999.000
    SL                 1.069      0.338      3.168      0.002
    SUBS               0.628      0.267      2.347      0.019
    WORK               1.763      0.669      2.636      0.008

 Thresholds
    SL$1              -0.355      0.062     -5.761      0.000
    SL$2               0.555      0.064      8.703      0.000
    EXER$1            -0.175      0.061     -2.885      0.004
    EXER$2             0.482      0.063      7.665      0.000
    SUBS$1            -0.862      0.069    -12.454      0.000
    SUBS$2             0.064      0.060      1.058      0.290
    WORK$1             0.058      0.060      0.962      0.336
    WORK$2             0.653      0.065     10.011      0.000

 Variances
    HEALTHB            0.133      0.065      2.047      0.041


QUALITY OF NUMERICAL RESULTS

     Condition Number for the Information Matrix              0.651E-03
       (ratio of smallest to largest eigenvalue)


STANDARDIZED MODEL RESULTS


STDYX Standardization

                                                    Two-Tailed
                    Estimate       S.E.  Est./S.E.    P-Value

 HEALTHB  BY
    EXER               0.364      0.089      4.093      0.000
    SL                 0.389      0.094      4.128      0.000
    SUBS               0.229      0.086      2.654      0.008
    WORK               0.642      0.134      4.793      0.000

 Thresholds
    SL$1              -0.355      0.062     -5.761      0.000
    SL$2               0.555      0.064      8.703      0.000
    EXER$1            -0.175      0.061     -2.885      0.004
    EXER$2             0.482      0.063      7.665      0.000
    SUBS$1            -0.862      0.069    -12.454      0.000
    SUBS$2             0.064      0.060      1.058      0.290
    WORK$1             0.058      0.060      0.962      0.336
    WORK$2             0.653      0.065     10.011      0.000

 Variances
    HEALTHB            1.000      0.000    999.000    999.000


R-SQUARE

    Observed                                        Two-Tailed   Residual
    Variable        Estimate       S.E.  Est./S.E.    P-Value    Variance

    SL                 0.152      0.073      2.064      0.039      0.848
    EXER               0.133      0.065      2.047      0.041      0.867
    SUBS               0.052      0.039      1.327      0.185      0.948
    WORK               0.412      0.172      2.397      0.017      0.588


RESIDUAL OUTPUT


     ESTIMATED MODEL AND RESIDUALS (OBSERVED - ESTIMATED)


           Model Estimated Means/Intercepts/Thresholds
              SL$1          SL$2          EXER$1        EXER$2        SUBS$1
              ________      ________      ________      ________      ________
               -0.355         0.555        -0.175         0.482        -0.862


           Model Estimated Means/Intercepts/Thresholds
              SUBS$2        WORK$1        WORK$2
              ________      ________      ________
                0.064         0.058         0.653


           Residuals for Means/Intercepts/Thresholds
              SL$1          SL$2          EXER$1        EXER$2        SUBS$1
              ________      ________      ________      ________      ________
                0.000         0.000         0.000         0.000         0.000


           Residuals for Means/Intercepts/Thresholds
              SUBS$2        WORK$1        WORK$2
              ________      ________      ________
                0.000         0.000         0.000


           Model Estimated Covariances/Correlations/Residual Correlations
              SL            EXER          SUBS          WORK
              ________      ________      ________      ________
 SL
 EXER           0.142
 SUBS           0.089         0.083
 WORK           0.250         0.234         0.147


           Residuals for Covariances/Correlations/Residual Correlations
              SL            EXER          SUBS          WORK
              ________      ________      ________      ________
 SL
 EXER          -0.024
 SUBS           0.103        -0.074
 WORK          -0.022         0.040        -0.026


TECHNICAL 1 OUTPUT


     PARAMETER SPECIFICATION


           TAU
              SL$1          SL$2          EXER$1        EXER$2        SUBS$1
              ________      ________      ________      ________      ________
                  1             2             3             4             5


           TAU
              SUBS$2        WORK$1        WORK$2
              ________      ________      ________
                  6             7             8


           NU
              SL            EXER          SUBS          WORK
              ________      ________      ________      ________
                  0             0             0             0


           LAMBDA
              HEALTHB
              ________
 SL                 9
 EXER               0
 SUBS              10
 WORK              11


           ALPHA
              HEALTHB
              ________
                  0


           BETA
              HEALTHB
              ________
 HEALTHB            0


           PSI
              HEALTHB
              ________
 HEALTHB           12


     STARTING VALUES


           TAU
              SL$1          SL$2          EXER$1        EXER$2        SUBS$1
              ________      ________      ________      ________      ________
               -0.355         0.555        -0.175         0.482        -0.862


           TAU
              SUBS$2        WORK$1        WORK$2
              ________      ________      ________
                0.064         0.058         0.653


           NU
              SL            EXER          SUBS          WORK
              ________      ________      ________      ________
                0.000         0.000         0.000         0.000


           LAMBDA
              HEALTHB
              ________
 SL             1.362
 EXER           1.000
 SUBS           0.643
 WORK           1.482


           ALPHA
              HEALTHB
              ________
                0.000


           BETA
              HEALTHB
              ________
 HEALTHB        0.000


           PSI
              HEALTHB
              ________
 HEALTHB        0.050


TECHNICAL 4 OUTPUT


     ESTIMATES DERIVED FROM THE MODEL


           ESTIMATED MEANS FOR THE LATENT VARIABLES
              HEALTHB
              ________
                0.000


           ESTIMATED COVARIANCE MATRIX FOR THE LATENT VARIABLES
              HEALTHB
              ________
 HEALTHB        0.133


           ESTIMATED CORRELATION MATRIX FOR THE LATENT VARIABLES
              HEALTHB
              ________
 HEALTHB        1.000


     ESTIMATES DERIVED FROM THE MODEL


           S.E. FOR ESTIMATED MEANS FOR THE LATENT VARIABLES
              HEALTHB
              ________
                0.000


           EST./S.E. FOR ESTIMATED MEANS FOR THE LATENT VARIABLES
              HEALTHB
              ________
                0.000


           TWO-TAILED P-VALUE FOR ESTIMATED MEANS FOR THE LATENT VARIABLES
              HEALTHB
              ________
                1.000


           S.E. FOR ESTIMATED COVARIANCE MATRIX FOR THE LATENT VARIABLES
              HEALTHB
              ________
 HEALTHB        0.065


           EST./S.E. FOR ESTIMATED COVARIANCE MATRIX FOR THE LATENT VARIABLES
              HEALTHB
              ________
 HEALTHB        2.047


           TWO-TAILED P-VALUE FOR ESTIMATED COVARIANCE MATRIX FOR THE LATENT VARIABLES
              HEALTHB
              ________
 HEALTHB        0.041


           S.E. FOR ESTIMATED CORRELATION MATRIX FOR THE LATENT VARIABLES
              HEALTHB
              ________
 HEALTHB        0.000


           EST./S.E. FOR ESTIMATED CORRELATION MATRIX FOR THE LATENT VARIABLES
              HEALTHB
              ________
 HEALTHB      999.000


           TWO-TAILED P-VALUE FOR ESTIMATED CORRELATION MATRIX FOR THE LATENT VARIABLES
              HEALTHB
              ________
 HEALTHB        0.000


     Beginning Time:  15:24:53
        Ending Time:  15:24:53
       Elapsed Time:  00:00:00



MUTHEN & MUTHEN
3463 Stoner Ave.
Los Angeles, CA  90066

Tel: (310) 391-9971
Fax: (310) 391-8971
Web: www.StatModel.com
Support: Support@StatModel.com

Copyright (c) 1998-2024 Muthen & Muthen
