Mplus VERSION 8.11 (Mac)
MUTHEN & MUTHEN
01/29/2025  10:19 AM

INPUT INSTRUCTIONS

  ! ***************************************************
  ! In the next example, imagine that we have some index of disruption that is the average o
  ! sched, and insec, and we're using that index (not a latent variable) to predict sreg.
  ! we no longer have a latent variable called disrupt, just the observed/manifest
  ! ***************************************************

  DATA: FILE IS "sem_categorical.dat";
  type is individual;
  ! individual means that each row is one observation, each column is a variable

  VARIABLE:
  ! Compare this input with the one in R, where we used colnames()
  ! Here, we're telling Mplus the names of our variables
  NAMES ARE age sex white child init inhib cont bfi psyeffect sched insec prehabit
  sl exer dt screen sm subs fri work hobby fam;

  ! Telling Mplus which variables this model will use
  USEVARIABLES ARE init inhib cont disr_index;
  ! ***************************************************
  ! Add your new variable name up here, at the end
  ! remove all other variables, as they won't go in model
  ! ***************************************************

  ! Defining the missing data
  Missing are .;

  DEFINE:
  ! ***************************************************
  ! Tell Mplus to create the index variable
  ! ***************************************************
  disr_index = psyeffect + sched + insec;

  ANALYSIS:
  ! MLR is more robust than ML to deviations from normality
  ESTIMATOR IS MLR;

  MODEL:
  !latent variable
  sreg BY init inhib cont;

  !now sreg is regressed on disrupt (disrupt -> sreg)
  sreg ON disr_index;

  OUTPUT:
  SAMPSTAT !asks for sample statistics
  TECH4 ! gives us parameters for the latent variables
  residual ! residuals for model parameters
  standardized ! standardized solution, includes R^2
  TECH1 ! starting values
  ;




*** WARNING
  Input line exceeded 90 characters. Some input may be truncated.
  ! In the next example, imagine that we have some index of disruption that is the average of
*** WARNING in VARIABLE command
  Note that only the first 8 characters of variable names are used in the output.
  Shorten variable names to avoid any confusion.
*** WARNING
  Data set contains cases with missing on x-variables.
  These cases were not included in the analysis.
  Number of cases with missing on x-variables:  1
   3 WARNING(S) FOUND IN THE INPUT INSTRUCTIONS




SUMMARY OF ANALYSIS

Number of groups                                                 1
Number of observations                                         431

Number of dependent variables                                    3
Number of independent variables                                  1
Number of continuous latent variables                            1

Observed dependent variables

  Continuous
   INIT        INHIB       CONT

Observed independent variables
   DISR_IND

Continuous latent variables
   SREG


Estimator                                                      MLR
Information matrix                                        OBSERVED
Maximum number of iterations                                  1000
Convergence criterion                                    0.500D-04
Maximum number of steepest descent iterations                   20
Maximum number of iterations for H1                           2000
Convergence criterion for H1                             0.100D-03

Input data file(s)
  sem_categorical.dat

Input data format  FREE


SUMMARY OF DATA

     Number of missing data patterns             1


COVARIANCE COVERAGE OF DATA

Minimum covariance coverage value   0.100


     PROPORTION OF DATA PRESENT


           Covariance Coverage
              INIT          INHIB         CONT          DISR_IND
              ________      ________      ________      ________
 INIT           1.000
 INHIB          1.000         1.000
 CONT           1.000         1.000         1.000
 DISR_IND       1.000         1.000         1.000         1.000


SAMPLE STATISTICS


     ESTIMATED SAMPLE STATISTICS


           Means
              INIT          INHIB         CONT          DISR_IND
              ________      ________      ________      ________
                3.270         3.823         3.446         9.547


           Covariances
              INIT          INHIB         CONT          DISR_IND
              ________      ________      ________      ________
 INIT           0.941
 INHIB          0.256         0.482
 CONT           0.374         0.209         0.556
 DISR_IND      -0.313        -0.145        -0.243         6.506


           Correlations
              INIT          INHIB         CONT          DISR_IND
              ________      ________      ________      ________
 INIT           1.000
 INHIB          0.380         1.000
 CONT           0.517         0.403         1.000
 DISR_IND      -0.126        -0.082        -0.128         1.000


     MAXIMUM LOG-LIKELIHOOD VALUE FOR THE UNRESTRICTED (H1) MODEL IS -2432.447


UNIVARIATE SAMPLE STATISTICS


     UNIVARIATE HIGHER-ORDER MOMENT DESCRIPTIVE STATISTICS

         Variable/         Mean/     Skewness/   Minimum/ % with                Percentiles
        Sample Size      Variance    Kurtosis    Maximum  Min/Max      20%/60%    40%/80%    Median

     INIT                  3.270      -0.128       1.000    1.86%       2.333      3.000      3.333
             431.000       0.941      -0.679       5.000    5.10%       3.667      4.333
     INHIB                 3.823      -0.213       2.000    0.93%       3.333      3.667      4.000
             431.000       0.482      -0.427       5.000    9.05%       4.000      4.333
     CONT                  3.446      -0.067       1.000    0.23%       2.667      3.333      3.333
             431.000       0.556      -0.313       5.000    2.55%       3.667      4.000
     DISR_INDEX            9.547       0.059       3.250    0.23%       7.375      8.625      9.400
             431.000       6.506      -0.597      15.000    0.70%      10.208     11.875


THE MODEL ESTIMATION TERMINATED NORMALLY


!**********************************************************************
!First, the output shows that now we have only 2 degrees of freedom. 

!Our knowns have changed: p = 4, thus known parameters = 10
!Our unknowns (free parameters) have changed too = 8
!* Loadings = 2 free (1 fixed to 1.0)
!* Regression coefficient = 1
!* Residual variances = 4 (1 for each of 3 indicators, 1 for the endogenous latent variable)
!* Variances = 1 
!**********************************************************************

MODEL FIT INFORMATION

Number of Free Parameters                       10

Loglikelihood

          H0 Value                       -1417.378
          H0 Scaling Correction Factor      1.0014
            for MLR
          H1 Value                       -1417.319
          H1 Scaling Correction Factor      1.0225
            for MLR

Information Criteria

          Akaike (AIC)                    2854.757
          Bayesian (BIC)                  2895.418
          Sample-Size Adjusted BIC        2863.683
            (n* = (n + 2) / 24)

Chi-Square Test of Model Fit

          Value                              0.106*
          Degrees of Freedom                     2
          P-Value                           0.9485
          Scaling Correction Factor         1.1283
            for MLR

*   The chi-square value for MLM, MLMV, MLR, ULSMV, WLSM and WLSMV cannot be used
    for chi-square difference testing in the regular way.  MLM, MLR and WLSM
    chi-square difference testing is described on the Mplus website.  MLMV, WLSMV,
    and ULSMV difference testing is done using the DIFFTEST option.

RMSEA (Root Mean Square Error Of Approximation)

          Estimate                           0.000
          90 Percent C.I.                    0.000  0.009
          Probability RMSEA <= .05           0.982

CFI/TLI

          CFI                                1.000
          TLI                                1.000

Chi-Square Test of Model Fit for the Baseline Model

          Value                            207.481
          Degrees of Freedom                     6
          P-Value                           0.0000

SRMR (Standardized Root Mean Square Residual)

          Value                              0.004



MODEL RESULTS

!**********************************************************************
!Also notice that the correlation between sreg and disruption changed 
!when disruption was specified as an observed variable index versus 
!when it was a latent variable. Other portions of the output also changed. 
!The residual variance of sreg has also increased (minutely, but it looks different). 

! This change is likely because we're using an observed variable as the predictor (disruption_index),
! which means that we assume that this variable is a perfect representation of the 
! construct and has no error whatsoever (measurement error, random error). 
! We assume that it is perfectly reliable, which is likely never true. 
! This is also pushing the error downstream, toward the regression coefficient and residual variances.

! To account for this unreliability, as discussed on Chapter 7 of the textbook (pp. 136-137; Figure 7.1) 
! you can assume that the observed variable is fully explained by an underlying latent variable plus some error. 
! This error term is computed as (1-reliability coefficient)*variance of the variable. 
!**********************************************************************

                                                    Two-Tailed
                    Estimate       S.E.  Est./S.E.    P-Value

 SREG     BY
    INIT               1.000      0.000    999.000    999.000
    INHIB              0.556      0.067      8.343      0.000
    CONT               0.815      0.096      8.470      0.000

 SREG     ON
    DISR_INDEX        -0.046      0.015     -3.020      0.003

 Intercepts
    INIT               3.707      0.150     24.693      0.000
    INHIB              4.066      0.090     44.973      0.000
    CONT               3.802      0.122     31.088      0.000

 Residual Variances
    INIT               0.481      0.065      7.418      0.000
    INHIB              0.340      0.027     12.417      0.000
    CONT               0.251      0.041      6.047      0.000
    SREG               0.446      0.070      6.392      0.000


QUALITY OF NUMERICAL RESULTS

     Condition Number for the Information Matrix              0.840E-03
       (ratio of smallest to largest eigenvalue)


STANDARDIZED MODEL RESULTS


STDYX Standardization

                                                    Two-Tailed
                    Estimate       S.E.  Est./S.E.    P-Value

 SREG     BY
    INIT               0.699      0.048     14.556      0.000
    INHIB              0.543      0.046     11.773      0.000
    CONT               0.741      0.050     14.745      0.000

 SREG     ON
    DISR_INDEX        -0.172      0.055     -3.108      0.002

 Intercepts
    INIT               3.821      0.180     21.200      0.000
    INHIB              5.854      0.200     29.277      0.000
    CONT               5.099      0.212     24.107      0.000

 Residual Variances
    INIT               0.511      0.067      7.610      0.000
    INHIB              0.705      0.050     14.084      0.000
    CONT               0.451      0.074      6.052      0.000
    SREG               0.970      0.019     50.951      0.000


STDY Standardization

                                                    Two-Tailed
                    Estimate       S.E.  Est./S.E.    P-Value

 SREG     BY
    INIT               0.699      0.048     14.556      0.000
    INHIB              0.543      0.046     11.773      0.000
    CONT               0.741      0.050     14.745      0.000

 SREG     ON
    DISR_INDEX        -0.067      0.022     -3.119      0.002

 Intercepts
    INIT               3.821      0.180     21.200      0.000
    INHIB              5.854      0.200     29.277      0.000
    CONT               5.099      0.212     24.107      0.000

 Residual Variances
    INIT               0.511      0.067      7.610      0.000
    INHIB              0.705      0.050     14.084      0.000
    CONT               0.451      0.074      6.052      0.000
    SREG               0.970      0.019     50.951      0.000


STD Standardization

                                                    Two-Tailed
                    Estimate       S.E.  Est./S.E.    P-Value

 SREG     BY
    INIT               0.678      0.053     12.858      0.000
    INHIB              0.377      0.037     10.291      0.000
    CONT               0.553      0.044     12.525      0.000

 SREG     ON
    DISR_INDEX        -0.067      0.022     -3.119      0.002

 Intercepts
    INIT               3.707      0.150     24.693      0.000
    INHIB              4.066      0.090     44.973      0.000
    CONT               3.802      0.122     31.088      0.000

 Residual Variances
    INIT               0.481      0.065      7.418      0.000
    INHIB              0.340      0.027     12.417      0.000
    CONT               0.251      0.041      6.047      0.000
    SREG               0.970      0.019     50.951      0.000


R-SQUARE

    Observed                                        Two-Tailed
    Variable        Estimate       S.E.  Est./S.E.    P-Value

    INIT               0.489      0.067      7.278      0.000
    INHIB              0.295      0.050      5.887      0.000
    CONT               0.549      0.074      7.372      0.000

     Latent                                         Two-Tailed
    Variable        Estimate       S.E.  Est./S.E.    P-Value

    SREG               0.030      0.019      1.554      0.120


RESIDUAL OUTPUT


     ESTIMATED MODEL AND RESIDUALS (OBSERVED - ESTIMATED)


           Model Estimated Means
              INIT          INHIB         CONT          DISR_IND
              ________      ________      ________      ________
                3.270         3.823         3.446         9.547


           Residuals for Means
              INIT          INHIB         CONT          DISR_IND
              ________      ________      ________      ________
                0.000         0.000         0.000         0.000


           Standardized Residuals (z-scores) for Means
              INIT          INHIB         CONT          DISR_IND
              ________      ________      ________      ________
                0.000         0.000         0.000         0.000


           Normalized Residuals for Means
              INIT          INHIB         CONT          DISR_IND
              ________      ________      ________      ________
                0.000         0.000         0.000         0.000


           Model Estimated Covariances
              INIT          INHIB         CONT          DISR_IND
              ________      ________      ________      ________
 INIT           0.941
 INHIB          0.256         0.482
 CONT           0.375         0.208         0.556
 DISR_IND      -0.298        -0.165        -0.242         6.506


           Model Estimated Correlations
              INIT          INHIB         CONT          DISR_IND
              ________      ________      ________      ________
 INIT           1.000
 INHIB          0.380         1.000
 CONT           0.518         0.402         1.000
 DISR_IND      -0.120        -0.093        -0.127         1.000


           Residuals for Covariances
              INIT          INHIB         CONT          DISR_IND
              ________      ________      ________      ________
 INIT           0.000
 INHIB          0.000         0.000
 CONT          -0.001         0.001         0.000
 DISR_IND      -0.015         0.021        -0.001         0.000


           Residuals for Correlations
              INIT          INHIB         CONT          DISR_IND
              ________      ________      ________      ________
 INIT           0.000
 INHIB          0.000         0.000
 CONT          -0.001         0.001         0.000
 DISR_IND      -0.006         0.012         0.000         0.000


           Standardized Residuals (z-scores) for Covariances
              INIT          INHIB         CONT          DISR_IND
              ________      ________      ________      ________
 INIT           0.000
 INHIB          0.014         0.000
 CONT          -0.094         0.403         0.000
 DISR_IND      -0.204         0.304        -0.022         0.000


           Normalized Residuals for Covariances
              INIT          INHIB         CONT          DISR_IND
              ________      ________      ________      ________
 INIT           0.000
 INHIB          0.002         0.000
 CONT          -0.013         0.022         0.000
 DISR_IND      -0.120         0.230        -0.009         0.000


TECHNICAL 1 OUTPUT


     PARAMETER SPECIFICATION


           NU
              INIT          INHIB         CONT          DISR_IND
              ________      ________      ________      ________
                  1             2             3             0


           LAMBDA
              SREG          DISR_IND
              ________      ________
 INIT               0             0
 INHIB              4             0
 CONT               5             0
 DISR_IND           0             0


           THETA
              INIT          INHIB         CONT          DISR_IND
              ________      ________      ________      ________
 INIT               6
 INHIB              0             7
 CONT               0             0             8
 DISR_IND           0             0             0             0


           ALPHA
              SREG          DISR_IND
              ________      ________
                  0             0


           BETA
              SREG          DISR_IND
              ________      ________
 SREG               0             9
 DISR_IND           0             0


           PSI
              SREG          DISR_IND
              ________      ________
 SREG              10
 DISR_IND           0             0


     STARTING VALUES


           NU
              INIT          INHIB         CONT          DISR_IND
              ________      ________      ________      ________
                3.270         3.823         3.446         0.000


           LAMBDA
              SREG          DISR_IND
              ________      ________
 INIT           1.000         0.000
 INHIB          0.558         0.000
 CONT           0.817         0.000
 DISR_IND       0.000         1.000


           THETA
              INIT          INHIB         CONT          DISR_IND
              ________      ________      ________      ________
 INIT           0.471
 INHIB          0.000         0.241
 CONT           0.000         0.000         0.278
 DISR_IND       0.000         0.000         0.000         0.000


           ALPHA
              SREG          DISR_IND
              ________      ________
                0.000         9.547


           BETA
              SREG          DISR_IND
              ________      ________
 SREG           0.000         0.000
 DISR_IND       0.000         0.000


           PSI
              SREG          DISR_IND
              ________      ________
 SREG           0.050
 DISR_IND       0.000         6.506


TECHNICAL 4 OUTPUT


     ESTIMATES DERIVED FROM THE MODEL


           ESTIMATED MEANS FOR THE LATENT VARIABLES
              SREG          DISR_IND
              ________      ________
               -0.437         9.547


           S.E. FOR ESTIMATED MEANS FOR THE LATENT VARIABLES
              SREG          DISR_IND
              ________      ________
                0.145         0.123


           EST./S.E. FOR ESTIMATED MEANS FOR THE LATENT VARIABLES
              SREG          DISR_IND
              ________      ________
               -3.018        77.703


           TWO-TAILED P-VALUE FOR ESTIMATED MEANS FOR THE LATENT VARIABLES
              SREG          DISR_IND
              ________      ________
                0.003         0.000


           ESTIMATED COVARIANCE MATRIX FOR THE LATENT VARIABLES
              SREG          DISR_IND
              ________      ________
 SREG           0.460
 DISR_IND      -0.298         6.506


           S.E. FOR ESTIMATED COVARIANCE MATRIX FOR THE LATENT VARIABLES
              SREG          DISR_IND
              ________      ________
 SREG           0.072
 DISR_IND       0.100         0.371


           EST./S.E. FOR ESTIMATED COVARIANCE MATRIX FOR THE LATENT VARIABLES
              SREG          DISR_IND
              ________      ________
 SREG           6.429
 DISR_IND      -2.976        17.525


           TWO-TAILED P-VALUE FOR ESTIMATED COVARIANCE MATRIX FOR THE LATENT VARIABLES
              SREG          DISR_IND
              ________      ________
 SREG           0.000
 DISR_IND       0.003         0.000


           ESTIMATED CORRELATION MATRIX FOR THE LATENT VARIABLES
              SREG          DISR_IND
              ________      ________
 SREG           1.000
 DISR_IND      -0.172         1.000


           S.E. FOR ESTIMATED CORRELATION MATRIX FOR THE LATENT VARIABLES
              SREG          DISR_IND
              ________      ________
 SREG           0.000
 DISR_IND       0.055         0.000


           EST./S.E. FOR ESTIMATED CORRELATION MATRIX FOR THE LATENT VARIABLES
              SREG          DISR_IND
              ________      ________
 SREG         999.000
 DISR_IND      -3.108       999.000


           TWO-TAILED P-VALUE FOR ESTIMATED CORRELATION MATRIX FOR THE LATENT VARIABLES
              SREG          DISR_IND
              ________      ________
 SREG           0.000
 DISR_IND       0.002         0.000


     Beginning Time:  10:19:11
        Ending Time:  10:19:11
       Elapsed Time:  00:00:00



MUTHEN & MUTHEN
3463 Stoner Ave.
Los Angeles, CA  90066

Tel: (310) 391-9971
Fax: (310) 391-8971
Web: www.StatModel.com
Support: Support@StatModel.com

Copyright (c) 1998-2024 Muthen & Muthen
